[
  {
    "line": 1,
    "elements": [
      {
        "line": 13,
        "name": "to verify login with invalid credentials",
        "description": "",
        "id": "to-validate-facebook-login-functionality;to-verify-login-with-invalid-credentials;;2",
        "type": "scenario",
        "keyword": "Scenario Outline",
        "steps": [
          {
            "result": {
              "duration": 9943001757,
              "status": "passed"
            },
            "line": 5,
            "name": "user is on facebook login page",
            "match": {
              "location": "DefinitionClass.user_is_on_facebook_login_page()"
            },
            "keyword": "Given "
          },
          {
            "result": {
              "error_message": "org.openqa.selenium.NoSuchElementException: no such element: Unable to locate element: {\"method\":\"css selector\",\"selector\":\"#ema\"}\n  (Session info: chrome\u003d79.0.3945.130)\nFor documentation on this error, please visit: https://www.seleniumhq.org/exceptions/no_such_element.html\nBuild info: version: \u00273.141.59\u0027, revision: \u0027e82be7d358\u0027, time: \u00272018-11-14T08:17:03\u0027\nSystem info: host: \u0027DESKTOP-5CL3V1F\u0027, ip: \u0027192.168.43.117\u0027, os.name: \u0027Windows 10\u0027, os.arch: \u0027amd64\u0027, os.version: \u002710.0\u0027, java.version: \u00271.8.0_231\u0027\nDriver info: org.openqa.selenium.chrome.ChromeDriver\nCapabilities {acceptInsecureCerts: false, browserName: chrome, browserVersion: 79.0.3945.130, chrome: {chromedriverVersion: 79.0.3945.36 (3582db32b3389..., userDataDir: C:\\Users\\user\\AppData\\Local...}, goog:chromeOptions: {debuggerAddress: localhost:52716}, javascriptEnabled: true, networkConnectionEnabled: false, pageLoadStrategy: normal, platform: WINDOWS, platformName: WINDOWS, proxy: Proxy(), setWindowRect: true, strictFileInteractability: false, timeouts: {implicit: 0, pageLoad: 300000, script: 30000}, unhandledPromptBehavior: dismiss and notify}\nSession ID: ba5770a964169566114d8320dd8d4dd0\n*** Element info: {Using\u003did, value\u003dema}\r\n\tat sun.reflect.NativeConstructorAccessorImpl.newInstance0(Native Method)\r\n\tat sun.reflect.NativeConstructorAccessorImpl.newInstance(Unknown Source)\r\n\tat sun.reflect.DelegatingConstructorAccessorImpl.newInstance(Unknown Source)\r\n\tat java.lang.reflect.Constructor.newInstance(Unknown Source)\r\n\tat org.openqa.selenium.remote.http.W3CHttpResponseCodec.createException(W3CHttpResponseCodec.java:187)\r\n\tat org.openqa.selenium.remote.http.W3CHttpResponseCodec.decode(W3CHttpResponseCodec.java:122)\r\n\tat org.openqa.selenium.remote.http.W3CHttpResponseCodec.decode(W3CHttpResponseCodec.java:49)\r\n\tat org.openqa.selenium.remote.HttpCommandExecutor.execute(HttpCommandExecutor.java:158)\r\n\tat org.openqa.selenium.remote.service.DriverCommandExecutor.execute(DriverCommandExecutor.java:83)\r\n\tat org.openqa.selenium.remote.RemoteWebDriver.execute(RemoteWebDriver.java:552)\r\n\tat org.openqa.selenium.remote.RemoteWebDriver.findElement(RemoteWebDriver.java:323)\r\n\tat org.openqa.selenium.remote.RemoteWebDriver.findElementById(RemoteWebDriver.java:372)\r\n\tat org.openqa.selenium.By$ById.findElement(By.java:188)\r\n\tat org.openqa.selenium.remote.RemoteWebDriver.findElement(RemoteWebDriver.java:315)\r\n\tat com.definition.DefinitionClass.use_enters_the_and(DefinitionClass.java:38)\r\n\tat ✽.use enters the \"prad\"  and \"123\"(src/test/resources/FeatureFile/login1.feature:6)\r\n",
              "duration": 70881604,
              "status": "failed"
            },
            "line": 6,
            "name": "use enters the \"prad\"  and \"123\"",
            "match": {
              "arguments": [
                {
                  "val": "\"prad\"",
                  "offset": 15
                },
                {
                  "val": "\"123\"",
                  "offset": 27
                }
              ],
              "location": "DefinitionClass.use_enters_the_and(String,String)"
            },
            "keyword": "When "
          },
          {
            "result": {
              "duration": 27369,
              "status": "skipped"
            },
            "line": 8,
            "name": "user click login button",
            "match": {
              "location": "DefinitionClass.user_click_login_button()"
            },
            "keyword": "Then "
          }
        ]
      },
      {
        "line": 14,
        "name": "to verify login with invalid credentials",
        "description": "",
        "id": "to-validate-facebook-login-functionality;to-verify-login-with-invalid-credentials;;3",
        "type": "scenario",
        "keyword": "Scenario Outline",
        "steps": [
          {
            "result": {
              "duration": 14166551870,
              "status": "passed"
            },
            "line": 5,
            "name": "user is on facebook login page",
            "match": {
              "location": "DefinitionClass.user_is_on_facebook_login_page()"
            },
            "keyword": "Given "
          },
          {
            "result": {
              "error_message": "org.openqa.selenium.NoSuchElementException: no such element: Unable to locate element: {\"method\":\"css selector\",\"selector\":\"#ema\"}\n  (Session info: chrome\u003d79.0.3945.130)\nFor documentation on this error, please visit: https://www.seleniumhq.org/exceptions/no_such_element.html\nBuild info: version: \u00273.141.59\u0027, revision: \u0027e82be7d358\u0027, time: \u00272018-11-14T08:17:03\u0027\nSystem info: host: \u0027DESKTOP-5CL3V1F\u0027, ip: \u0027192.168.43.117\u0027, os.name: \u0027Windows 10\u0027, os.arch: \u0027amd64\u0027, os.version: \u002710.0\u0027, java.version: \u00271.8.0_231\u0027\nDriver info: org.openqa.selenium.chrome.ChromeDriver\nCapabilities {acceptInsecureCerts: false, browserName: chrome, browserVersion: 79.0.3945.130, chrome: {chromedriverVersion: 79.0.3945.36 (3582db32b3389..., userDataDir: C:\\Users\\user\\AppData\\Local...}, goog:chromeOptions: {debuggerAddress: localhost:52761}, javascriptEnabled: true, networkConnectionEnabled: false, pageLoadStrategy: normal, platform: WINDOWS, platformName: WINDOWS, proxy: Proxy(), setWindowRect: true, strictFileInteractability: false, timeouts: {implicit: 0, pageLoad: 300000, script: 30000}, unhandledPromptBehavior: dismiss and notify}\nSession ID: cfede3a35069977f457da17ca67f124d\n*** Element info: {Using\u003did, value\u003dema}\r\n\tat sun.reflect.NativeConstructorAccessorImpl.newInstance0(Native Method)\r\n\tat sun.reflect.NativeConstructorAccessorImpl.newInstance(Unknown Source)\r\n\tat sun.reflect.DelegatingConstructorAccessorImpl.newInstance(Unknown Source)\r\n\tat java.lang.reflect.Constructor.newInstance(Unknown Source)\r\n\tat org.openqa.selenium.remote.http.W3CHttpResponseCodec.createException(W3CHttpResponseCodec.java:187)\r\n\tat org.openqa.selenium.remote.http.W3CHttpResponseCodec.decode(W3CHttpResponseCodec.java:122)\r\n\tat org.openqa.selenium.remote.http.W3CHttpResponseCodec.decode(W3CHttpResponseCodec.java:49)\r\n\tat org.openqa.selenium.remote.HttpCommandExecutor.execute(HttpCommandExecutor.java:158)\r\n\tat org.openqa.selenium.remote.service.DriverCommandExecutor.execute(DriverCommandExecutor.java:83)\r\n\tat org.openqa.selenium.remote.RemoteWebDriver.execute(RemoteWebDriver.java:552)\r\n\tat org.openqa.selenium.remote.RemoteWebDriver.findElement(RemoteWebDriver.java:323)\r\n\tat org.openqa.selenium.remote.RemoteWebDriver.findElementById(RemoteWebDriver.java:372)\r\n\tat org.openqa.selenium.By$ById.findElement(By.java:188)\r\n\tat org.openqa.selenium.remote.RemoteWebDriver.findElement(RemoteWebDriver.java:315)\r\n\tat com.definition.DefinitionClass.use_enters_the_and(DefinitionClass.java:38)\r\n\tat ✽.use enters the \"ranj\"  and \"987\"(src/test/resources/FeatureFile/login1.feature:6)\r\n",
              "duration": 49443901,
              "status": "failed"
            },
            "line": 6,
            "name": "use enters the \"ranj\"  and \"987\"",
            "match": {
              "arguments": [
                {
                  "val": "\"ranj\"",
                  "offset": 15
                },
                {
                  "val": "\"987\"",
                  "offset": 27
                }
              ],
              "location": "DefinitionClass.use_enters_the_and(String,String)"
            },
            "keyword": "When "
          },
          {
            "result": {
              "duration": 16536,
              "status": "skipped"
            },
            "line": 8,
            "name": "user click login button",
            "match": {
              "location": "DefinitionClass.user_click_login_button()"
            },
            "keyword": "Then "
          }
        ]
      },
      {
        "line": 15,
        "name": "to verify login with invalid credentials",
        "description": "",
        "id": "to-validate-facebook-login-functionality;to-verify-login-with-invalid-credentials;;4",
        "type": "scenario",
        "keyword": "Scenario Outline",
        "steps": [
          {
            "result": {
              "duration": 17543563044,
              "status": "passed"
            },
            "line": 5,
            "name": "user is on facebook login page",
            "match": {
              "location": "DefinitionClass.user_is_on_facebook_login_page()"
            },
            "keyword": "Given "
          },
          {
            "result": {
              "error_message": "org.openqa.selenium.NoSuchElementException: no such element: Unable to locate element: {\"method\":\"css selector\",\"selector\":\"#ema\"}\n  (Session info: chrome\u003d79.0.3945.130)\nFor documentation on this error, please visit: https://www.seleniumhq.org/exceptions/no_such_element.html\nBuild info: version: \u00273.141.59\u0027, revision: \u0027e82be7d358\u0027, time: \u00272018-11-14T08:17:03\u0027\nSystem info: host: \u0027DESKTOP-5CL3V1F\u0027, ip: \u0027192.168.43.117\u0027, os.name: \u0027Windows 10\u0027, os.arch: \u0027amd64\u0027, os.version: \u002710.0\u0027, java.version: \u00271.8.0_231\u0027\nDriver info: org.openqa.selenium.chrome.ChromeDriver\nCapabilities {acceptInsecureCerts: false, browserName: chrome, browserVersion: 79.0.3945.130, chrome: {chromedriverVersion: 79.0.3945.36 (3582db32b3389..., userDataDir: C:\\Users\\user\\AppData\\Local...}, goog:chromeOptions: {debuggerAddress: localhost:52820}, javascriptEnabled: true, networkConnectionEnabled: false, pageLoadStrategy: normal, platform: WINDOWS, platformName: WINDOWS, proxy: Proxy(), setWindowRect: true, strictFileInteractability: false, timeouts: {implicit: 0, pageLoad: 300000, script: 30000}, unhandledPromptBehavior: dismiss and notify}\nSession ID: f3f5a2d06029297642a7771afb5637ad\n*** Element info: {Using\u003did, value\u003dema}\r\n\tat sun.reflect.NativeConstructorAccessorImpl.newInstance0(Native Method)\r\n\tat sun.reflect.NativeConstructorAccessorImpl.newInstance(Unknown Source)\r\n\tat sun.reflect.DelegatingConstructorAccessorImpl.newInstance(Unknown Source)\r\n\tat java.lang.reflect.Constructor.newInstance(Unknown Source)\r\n\tat org.openqa.selenium.remote.http.W3CHttpResponseCodec.createException(W3CHttpResponseCodec.java:187)\r\n\tat org.openqa.selenium.remote.http.W3CHttpResponseCodec.decode(W3CHttpResponseCodec.java:122)\r\n\tat org.openqa.selenium.remote.http.W3CHttpResponseCodec.decode(W3CHttpResponseCodec.java:49)\r\n\tat org.openqa.selenium.remote.HttpCommandExecutor.execute(HttpCommandExecutor.java:158)\r\n\tat org.openqa.selenium.remote.service.DriverCommandExecutor.execute(DriverCommandExecutor.java:83)\r\n\tat org.openqa.selenium.remote.RemoteWebDriver.execute(RemoteWebDriver.java:552)\r\n\tat org.openqa.selenium.remote.RemoteWebDriver.findElement(RemoteWebDriver.java:323)\r\n\tat org.openqa.selenium.remote.RemoteWebDriver.findElementById(RemoteWebDriver.java:372)\r\n\tat org.openqa.selenium.By$ById.findElement(By.java:188)\r\n\tat org.openqa.selenium.remote.RemoteWebDriver.findElement(RemoteWebDriver.java:315)\r\n\tat com.definition.DefinitionClass.use_enters_the_and(DefinitionClass.java:38)\r\n\tat ✽.use enters the \"dhar\"  and \"654\"(src/test/resources/FeatureFile/login1.feature:6)\r\n",
              "duration": 42328031,
              "status": "failed"
            },
            "line": 6,
            "name": "use enters the \"dhar\"  and \"654\"",
            "match": {
              "arguments": [
                {
                  "val": "\"dhar\"",
                  "offset": 15
                },
                {
                  "val": "\"654\"",
                  "offset": 27
                }
              ],
              "location": "DefinitionClass.use_enters_the_and(String,String)"
            },
            "keyword": "When "
          },
          {
            "result": {
              "duration": 15964,
              "status": "skipped"
            },
            "line": 8,
            "name": "user click login button",
            "match": {
              "location": "DefinitionClass.user_click_login_button()"
            },
            "keyword": "Then "
          }
        ]
      },
      {
        "line": 17,
        "name": "to verify sign up page",
        "description": "",
        "id": "to-validate-facebook-login-functionality;to-verify-sign-up-page",
        "type": "scenario",
        "keyword": "Scenario",
        "steps": [
          {
            "result": {
              "duration": 37049596710,
              "status": "passed"
            },
            "line": 18,
            "name": "user is on facebook login page",
            "match": {
              "location": "DefinitionClass.user_is_on_facebook_login_page()"
            },
            "keyword": "Given "
          },
          {
            "result": {
              "duration": 1152047010,
              "status": "passed"
            },
            "line": 19,
            "name": "user enter the first name",
            "match": {
              "location": "DefinitionClass.user_enter_the_first_name()"
            },
            "keyword": "When "
          },
          {
            "result": {
              "duration": 311252086,
              "status": "passed"
            },
            "line": 20,
            "name": "user click sign up button",
            "match": {
              "location": "DefinitionClass.user_click_sign_up_button()"
            },
            "keyword": "Then "
          }
        ]
      }
    ],
    "name": "To validate facebook login functionality",
    "description": "",
    "id": "to-validate-facebook-login-functionality",
    "keyword": "Feature",
    "uri": "src/test/resources/FeatureFile/login1.feature",
    "tags": []
  }
]